<?xml version="1.0" encoding="UTF-8"?>
<!-- Generated by org.testng.reporters.JUnitReportReporter -->
<testsuite hostname="kavish" failures="0" tests="3" name="Test.Test3" time="0.016" errors="0" timestamp="2022-04-26T13:22:25 IST" skipped="0">
  <testcase classname="Test.Test3" name="addition" time="0.003"/>
  <system-out/>
  <testcase classname="Test.Test3" name="add" time="0.002"/>
  <system-out/>
  <testcase classname="Test.Test3" name="add" time="0.011"/>
  <system-out/>
</testsuite> <!-- Test.Test3 -->
