<?xml version="1.0" encoding="UTF-8"?>
<!-- Generated by org.testng.reporters.JUnitReportReporter -->
<testsuite hostname="kavish" failures="0" tests="1" name="Test.LoginTest" time="36.281" errors="0" timestamp="2022-04-27T17:09:35 IST" skipped="0">
  <testcase classname="Test.LoginTest" name="LoginZerodha" time="36.281"/>
  <system-out/>
</testsuite> <!-- Test.LoginTest -->
