<?xml version="1.0" encoding="UTF-8"?>
<!-- Generated by org.testng.reporters.JUnitReportReporter -->
<testsuite hostname="kavish" failures="0" tests="2" name="Test.Test2" time="0.007" errors="0" timestamp="2022-04-26T13:22:25 IST" skipped="0">
  <testcase classname="Test.Test2" name="namo" time="0.003"/>
  <system-out/>
  <testcase classname="Test.Test2" name="surname" time="0.004"/>
  <system-out/>
</testsuite> <!-- Test.Test2 -->
